0 info it worked if it ends with ok
1 verbose cli [ 'node', '/usr/local/bin/npm', 'install', 'sleep' ]
2 info using npm@2.7.4
3 info using node@v0.12.2
4 warn package.json test03@0.0.1 No repository field.
5 warn package.json passport@0.3.2 No README data
6 silly cache add args [ 'sleep', null ]
7 verbose cache add spec sleep
8 silly cache add parsed spec { raw: 'sleep',
8 silly cache add   scope: null,
8 silly cache add   name: 'sleep',
8 silly cache add   rawSpec: '',
8 silly cache add   spec: '*',
8 silly cache add   type: 'range' }
9 verbose addNamed sleep@*
10 silly addNamed semver.valid null
11 silly addNamed semver.validRange *
12 silly addNameRange { name: 'sleep', range: '*', hasData: false }
13 silly mapToRegistry name sleep
14 silly mapToRegistry using default registry
15 silly mapToRegistry registry https://registry.npmjs.org/
16 silly mapToRegistry uri https://registry.npmjs.org/sleep
17 verbose addNameRange registry:https://registry.npmjs.org/sleep not in flight; fetching
18 verbose request uri https://registry.npmjs.org/sleep
19 verbose request no auth needed
20 info attempt registry request try #1 at 22:23:32
21 verbose request id e1e553d4d1457b01
22 verbose etag "6Z12S8T1ZAGKKLWIE8WCF74L7"
23 http request GET https://registry.npmjs.org/sleep
24 http 304 https://registry.npmjs.org/sleep
25 silly get cb [ 304,
25 silly get   { date: 'Fri, 20 Nov 2015 13:23:33 GMT',
25 silly get     via: '1.1 varnish',
25 silly get     'cache-control': 'max-age=60',
25 silly get     etag: '"6Z12S8T1ZAGKKLWIE8WCF74L7"',
25 silly get     age: '0',
25 silly get     connection: 'keep-alive',
25 silly get     'x-served-by': 'cache-nrt6132-NRT',
25 silly get     'x-cache': 'HIT',
25 silly get     'x-cache-hits': '1',
25 silly get     'x-timer': 'S1448025813.137620,VS0,VE521',
25 silly get     vary: 'Accept' } ]
26 verbose etag https://registry.npmjs.org/sleep from cache
27 verbose get saving sleep to /Users/x/.npm/registry.npmjs.org/sleep/.cache.json
28 silly addNameRange number 2 { name: 'sleep', range: '*', hasData: true }
29 silly addNameRange versions [ 'sleep',
29 silly addNameRange   [ '1.0.0',
29 silly addNameRange     '1.0.1',
29 silly addNameRange     '1.0.2',
29 silly addNameRange     '1.1.0',
29 silly addNameRange     '1.1.1',
29 silly addNameRange     '1.1.2',
29 silly addNameRange     '1.1.3',
29 silly addNameRange     '1.1.4',
29 silly addNameRange     '1.1.5',
29 silly addNameRange     '1.1.6',
29 silly addNameRange     '1.1.7',
29 silly addNameRange     '1.1.8',
29 silly addNameRange     '1.2.0',
29 silly addNameRange     '2.0.0',
29 silly addNameRange     '3.0.0' ] ]
30 verbose addNamed sleep@3.0.0
31 silly addNamed semver.valid 3.0.0
32 silly addNamed semver.validRange 3.0.0
33 silly cache afterAdd sleep@3.0.0
34 verbose afterAdd /Users/x/.npm/sleep/3.0.0/package/package.json not in flight; writing
35 verbose afterAdd /Users/x/.npm/sleep/3.0.0/package/package.json written
36 silly install resolved [ { name: 'sleep',
36 silly install resolved     version: '3.0.0',
36 silly install resolved     main: 'index.js',
36 silly install resolved     description: 'Add sleep() and usleep() to nodejs',
36 silly install resolved     homepage: 'http://github.com/ErikDubbelboer/node-sleep',
36 silly install resolved     author: { name: 'Erik Dubbelboer', email: 'erik@dubbelboer.com' },
36 silly install resolved     engines: { node: '>=0.4.0' },
36 silly install resolved     keywords: [ 'sleep', 'usleep' ],
36 silly install resolved     repository:
36 silly install resolved      { type: 'git',
36 silly install resolved        url: 'https://github.com/ErikDubbelboer/node-sleep.git' },
36 silly install resolved     dependencies: { nan: '>=2.0.0' },
36 silly install resolved     gypfile: true,
36 silly install resolved     scripts: { install: 'node-gyp rebuild' },
36 silly install resolved     gitHead: 'bebfd6c19cb8c7055d29682446df99088c54bc06',
36 silly install resolved     bugs: { url: 'https://github.com/ErikDubbelboer/node-sleep/issues' },
36 silly install resolved     _id: 'sleep@3.0.0',
36 silly install resolved     _shasum: '6b374727ee43823686db192f34c1fcb5387013ef',
36 silly install resolved     _from: 'sleep@*',
36 silly install resolved     _npmVersion: '1.4.28',
36 silly install resolved     _npmUser: { name: 'erikdubbelboer', email: 'erik@dubbelboer.com' },
36 silly install resolved     maintainers: [ [Object] ],
36 silly install resolved     dist:
36 silly install resolved      { shasum: '6b374727ee43823686db192f34c1fcb5387013ef',
36 silly install resolved        tarball: 'http://registry.npmjs.org/sleep/-/sleep-3.0.0.tgz' },
36 silly install resolved     directories: {},
36 silly install resolved     _resolved: 'https://registry.npmjs.org/sleep/-/sleep-3.0.0.tgz',
36 silly install resolved     readme: 'ERROR: No README data found!' } ]
37 info install sleep@3.0.0 into /Users/x/refine_tor_ios_server
38 info installOne sleep@3.0.0
39 verbose installOne of sleep to /Users/x/refine_tor_ios_server not in flight; installing
40 verbose lock using /Users/x/.npm/_locks/sleep-6eae408c7829d9bc.lock for /Users/x/refine_tor_ios_server/node_modules/sleep
41 silly install write writing sleep 3.0.0 to /Users/x/refine_tor_ios_server/node_modules/sleep
42 silly cache addNamed cb sleep@3.0.0
43 verbose unbuild node_modules/sleep
44 silly gentlyRm /Users/x/refine_tor_ios_server/node_modules/sleep is being purged from base /Users/x/refine_tor_ios_server
45 verbose gentlyRm don't care about contents; nuking /Users/x/refine_tor_ios_server/node_modules/sleep
46 verbose tar unpack /Users/x/.npm/sleep/3.0.0/package.tgz
47 verbose tar unpacking to /Users/x/refine_tor_ios_server/node_modules/sleep
48 silly gentlyRm /Users/x/refine_tor_ios_server/node_modules/sleep is being purged
49 verbose gentlyRm don't care about contents; nuking /Users/x/refine_tor_ios_server/node_modules/sleep
50 silly gunzTarPerm modes [ '755', '644' ]
51 silly gunzTarPerm extractEntry package.json
52 silly gunzTarPerm modified mode [ 'package.json', 436, 420 ]
53 silly gunzTarPerm extractEntry .npmignore
54 silly gunzTarPerm modified mode [ '.npmignore', 436, 420 ]
55 silly gunzTarPerm extractEntry README.md
56 silly gunzTarPerm modified mode [ 'README.md', 436, 420 ]
57 silly gunzTarPerm extractEntry index.js
58 silly gunzTarPerm modified mode [ 'index.js', 436, 420 ]
59 silly gunzTarPerm extractEntry test.js
60 silly gunzTarPerm modified mode [ 'test.js', 436, 420 ]
61 silly gunzTarPerm extractEntry LICENSE.txt
62 silly gunzTarPerm modified mode [ 'LICENSE.txt', 436, 420 ]
63 silly gunzTarPerm extractEntry binding.gyp
64 silly gunzTarPerm modified mode [ 'binding.gyp', 436, 420 ]
65 silly gunzTarPerm extractEntry sleep.cc
66 silly gunzTarPerm modified mode [ 'sleep.cc', 436, 420 ]
67 info preinstall sleep@3.0.0
68 silly prepareForInstallMany adding nan@>=2.0.0 from sleep dependencies
69 silly cache add args [ 'nan@>=2.0.0', null ]
70 verbose cache add spec nan@>=2.0.0
71 silly cache add parsed spec { raw: 'nan@>=2.0.0',
71 silly cache add   scope: null,
71 silly cache add   name: 'nan',
71 silly cache add   rawSpec: '>=2.0.0',
71 silly cache add   spec: '>=2.0.0',
71 silly cache add   type: 'range' }
72 verbose addNamed nan@>=2.0.0
73 silly addNamed semver.valid null
74 silly addNamed semver.validRange >=2.0.0
75 silly addNameRange { name: 'nan', range: '>=2.0.0', hasData: false }
76 silly mapToRegistry name nan
77 silly mapToRegistry using default registry
78 silly mapToRegistry registry https://registry.npmjs.org/
79 silly mapToRegistry uri https://registry.npmjs.org/nan
80 verbose addNameRange registry:https://registry.npmjs.org/nan not in flight; fetching
81 verbose request uri https://registry.npmjs.org/nan
82 verbose request no auth needed
83 info attempt registry request try #1 at 22:23:35
84 verbose etag "A792ZB4LRJE9K13ELZ0UIQEDV"
85 http request GET https://registry.npmjs.org/nan
86 http 304 https://registry.npmjs.org/nan
87 silly get cb [ 304,
87 silly get   { date: 'Fri, 20 Nov 2015 13:23:35 GMT',
87 silly get     via: '1.1 varnish',
87 silly get     'cache-control': 'max-age=60',
87 silly get     etag: '"A792ZB4LRJE9K13ELZ0UIQEDV"',
87 silly get     age: '18',
87 silly get     connection: 'keep-alive',
87 silly get     'x-served-by': 'cache-nrt6126-NRT',
87 silly get     'x-cache': 'HIT',
87 silly get     'x-cache-hits': '1',
87 silly get     'x-timer': 'S1448025815.814123,VS0,VE0',
87 silly get     vary: 'Accept' } ]
88 verbose etag https://registry.npmjs.org/nan from cache
89 verbose get saving nan to /Users/x/.npm/registry.npmjs.org/nan/.cache.json
90 silly addNameRange number 2 { name: 'nan', range: '>=2.0.0', hasData: true }
91 silly addNameRange versions [ 'nan',
91 silly addNameRange   [ '0.3.0-wip',
91 silly addNameRange     '0.3.0-wip2',
91 silly addNameRange     '0.3.0',
91 silly addNameRange     '0.3.1',
91 silly addNameRange     '0.3.2',
91 silly addNameRange     '0.4.0',
91 silly addNameRange     '0.4.1',
91 silly addNameRange     '0.4.2',
91 silly addNameRange     '0.4.3',
91 silly addNameRange     '0.4.4',
91 silly addNameRange     '0.5.0',
91 silly addNameRange     '0.5.1',
91 silly addNameRange     '0.5.2',
91 silly addNameRange     '0.6.0',
91 silly addNameRange     '0.7.0',
91 silly addNameRange     '0.7.1',
91 silly addNameRange     '0.8.0',
91 silly addNameRange     '1.0.0',
91 silly addNameRange     '1.1.0',
91 silly addNameRange     '1.1.1',
91 silly addNameRange     '1.1.2',
91 silly addNameRange     '1.2.0',
91 silly addNameRange     '1.3.0',
91 silly addNameRange     '1.4.0',
91 silly addNameRange     '1.4.1',
91 silly addNameRange     '1.5.0',
91 silly addNameRange     '1.4.2',
91 silly addNameRange     '1.4.3',
91 silly addNameRange     '1.5.1',
91 silly addNameRange     '1.5.2',
91 silly addNameRange     '1.6.0',
91 silly addNameRange     '1.5.3',
91 silly addNameRange     '1.6.1',
91 silly addNameRange     '1.6.2',
91 silly addNameRange     '1.7.0',
91 silly addNameRange     '1.8.0',
91 silly addNameRange     '1.8.1',
91 silly addNameRange     '1.8.2',
91 silly addNameRange     '1.8.3',
91 silly addNameRange     '1.8.4',
91 silly addNameRange     '1.9.0',
91 silly addNameRange     '2.0.0',
91 silly addNameRange     '2.0.1',
91 silly addNameRange     '2.0.2',
91 silly addNameRange     '2.0.3',
91 silly addNameRange     '2.0.4',
91 silly addNameRange     '2.0.5',
91 silly addNameRange     '2.0.6',
91 silly addNameRange     '2.0.7',
91 silly addNameRange     '2.0.8',
91 silly addNameRange     '2.0.9',
91 silly addNameRange     '2.1.0' ] ]
92 verbose addNamed nan@2.1.0
93 silly addNamed semver.valid 2.1.0
94 silly addNamed semver.validRange 2.1.0
95 silly cache afterAdd nan@2.1.0
96 verbose afterAdd /Users/x/.npm/nan/2.1.0/package/package.json not in flight; writing
97 verbose afterAdd /Users/x/.npm/nan/2.1.0/package/package.json written
98 silly install resolved [ { name: 'nan',
98 silly install resolved     version: '2.1.0',
98 silly install resolved     description: 'Native Abstractions for Node.js: C++ header for Node 0.8 -> 4 compatibility',
98 silly install resolved     main: 'include_dirs.js',
98 silly install resolved     repository: { type: 'git', url: 'git://github.com/nodejs/nan.git' },
98 silly install resolved     scripts:
98 silly install resolved      { test: 'tap --gc test/js/*-test.js',
98 silly install resolved        'rebuild-tests': 'node-gyp rebuild --msvs_version=2013 --directory test',
98 silly install resolved        docs: 'doc/.build.sh' },
98 silly install resolved     contributors:
98 silly install resolved      [ [Object],
98 silly install resolved        [Object],
98 silly install resolved        [Object],
98 silly install resolved        [Object],
98 silly install resolved        [Object],
98 silly install resolved        [Object],
98 silly install resolved        [Object] ],
98 silly install resolved     devDependencies:
98 silly install resolved      { bindings: '~1.2.1',
98 silly install resolved        commander: '^2.8.1',
98 silly install resolved        glob: '^5.0.14',
98 silly install resolved        'node-gyp': '~3.0.1',
98 silly install resolved        tap: '~0.7.1',
98 silly install resolved        xtend: '~4.0.0' },
98 silly install resolved     license: 'MIT',
98 silly install resolved     bugs: { url: 'https://github.com/nodejs/nan/issues' },
98 silly install resolved     homepage: 'https://github.com/nodejs/nan#readme',
98 silly install resolved     _id: 'nan@2.1.0',
98 silly install resolved     _shasum: '020a7ccedc63fdee85f85967d5607849e74abbe8',
98 silly install resolved     _resolved: 'https://registry.npmjs.org/nan/-/nan-2.1.0.tgz',
98 silly install resolved     _from: 'nan@>=2.0.0',
98 silly install resolved     _npmVersion: '3.3.5',
98 silly install resolved     _nodeVersion: '4.1.2',
98 silly install resolved     _npmUser: { name: 'kkoopa', email: 'bbyholm@abo.fi' },
98 silly install resolved     dist:
98 silly install resolved      { shasum: '020a7ccedc63fdee85f85967d5607849e74abbe8',
98 silly install resolved        tarball: 'http://registry.npmjs.org/nan/-/nan-2.1.0.tgz' },
98 silly install resolved     maintainers: [ [Object], [Object] ],
98 silly install resolved     directories: {},
98 silly install resolved     readme: 'ERROR: No README data found!' } ]
99 info install nan@2.1.0 into /Users/x/refine_tor_ios_server/node_modules/sleep
100 info installOne nan@2.1.0
101 verbose installOne of nan to /Users/x/refine_tor_ios_server/node_modules/sleep not in flight; installing
102 verbose lock using /Users/x/.npm/_locks/nan-069224ef115f9d72.lock for /Users/x/refine_tor_ios_server/node_modules/sleep/node_modules/nan
103 silly install write writing nan 2.1.0 to /Users/x/refine_tor_ios_server/node_modules/sleep/node_modules/nan
104 silly cache addNamed cb nan@2.1.0
105 verbose unbuild node_modules/sleep/node_modules/nan
106 silly gentlyRm /Users/x/refine_tor_ios_server/node_modules/sleep/node_modules/nan is being purged from base /Users/x/refine_tor_ios_server
107 verbose gentlyRm don't care about contents; nuking /Users/x/refine_tor_ios_server/node_modules/sleep/node_modules/nan
108 verbose tar unpack /Users/x/.npm/nan/2.1.0/package.tgz
109 verbose tar unpacking to /Users/x/refine_tor_ios_server/node_modules/sleep/node_modules/nan
110 silly gentlyRm /Users/x/refine_tor_ios_server/node_modules/sleep/node_modules/nan is being purged
111 verbose gentlyRm don't care about contents; nuking /Users/x/refine_tor_ios_server/node_modules/sleep/node_modules/nan
112 silly gunzTarPerm modes [ '755', '644' ]
113 silly gunzTarPerm extractEntry package.json
114 silly gunzTarPerm modified mode [ 'package.json', 436, 420 ]
115 silly gunzTarPerm extractEntry README.md
116 silly gunzTarPerm modified mode [ 'README.md', 436, 420 ]
117 silly gunzTarPerm extractEntry include_dirs.js
118 silly gunzTarPerm modified mode [ 'include_dirs.js', 436, 420 ]
119 silly gunzTarPerm extractEntry nan_converters.h
120 silly gunzTarPerm modified mode [ 'nan_converters.h', 436, 420 ]
121 silly gunzTarPerm extractEntry LICENSE.md
122 silly gunzTarPerm modified mode [ 'LICENSE.md', 436, 420 ]
123 silly gunzTarPerm extractEntry .dntrc
124 silly gunzTarPerm modified mode [ '.dntrc', 436, 420 ]
125 silly gunzTarPerm extractEntry appveyor.yml
126 silly gunzTarPerm modified mode [ 'appveyor.yml', 436, 420 ]
127 silly gunzTarPerm extractEntry doc/new.md
128 silly gunzTarPerm modified mode [ 'doc/new.md', 436, 420 ]
129 silly gunzTarPerm extractEntry doc/.build.sh
130 silly gunzTarPerm modified mode [ 'doc/.build.sh', 509, 493 ]
131 silly gunzTarPerm extractEntry doc/buffers.md
132 silly gunzTarPerm modified mode [ 'doc/buffers.md', 436, 420 ]
133 silly gunzTarPerm extractEntry doc/callback.md
134 silly gunzTarPerm modified mode [ 'doc/callback.md', 436, 420 ]
135 silly gunzTarPerm extractEntry doc/converters.md
136 silly gunzTarPerm modified mode [ 'doc/converters.md', 436, 420 ]
137 silly gunzTarPerm extractEntry doc/errors.md
138 silly gunzTarPerm modified mode [ 'doc/errors.md', 436, 420 ]
139 silly gunzTarPerm extractEntry doc/maybe_types.md
140 silly gunzTarPerm modified mode [ 'doc/maybe_types.md', 436, 420 ]
141 silly gunzTarPerm extractEntry doc/methods.md
142 silly gunzTarPerm modified mode [ 'doc/methods.md', 436, 420 ]
143 silly gunzTarPerm extractEntry doc/asyncworker.md
144 silly gunzTarPerm modified mode [ 'doc/asyncworker.md', 436, 420 ]
145 silly gunzTarPerm extractEntry doc/node_misc.md
146 silly gunzTarPerm modified mode [ 'doc/node_misc.md', 436, 420 ]
147 silly gunzTarPerm extractEntry doc/persistent.md
148 silly gunzTarPerm modified mode [ 'doc/persistent.md', 436, 420 ]
149 silly gunzTarPerm extractEntry doc/scopes.md
150 silly gunzTarPerm modified mode [ 'doc/scopes.md', 436, 420 ]
151 silly gunzTarPerm extractEntry doc/script.md
152 silly gunzTarPerm modified mode [ 'doc/script.md', 436, 420 ]
153 silly gunzTarPerm extractEntry doc/string_bytes.md
154 silly gunzTarPerm modified mode [ 'doc/string_bytes.md', 436, 420 ]
155 silly gunzTarPerm extractEntry doc/v8_internals.md
156 silly gunzTarPerm modified mode [ 'doc/v8_internals.md', 436, 420 ]
157 silly gunzTarPerm extractEntry doc/v8_misc.md
158 silly gunzTarPerm modified mode [ 'doc/v8_misc.md', 436, 420 ]
159 silly gunzTarPerm extractEntry nan.h
160 silly gunzTarPerm modified mode [ 'nan.h', 436, 420 ]
161 silly gunzTarPerm extractEntry nan_callbacks.h
162 silly gunzTarPerm modified mode [ 'nan_callbacks.h', 436, 420 ]
163 silly gunzTarPerm extractEntry nan_callbacks_12_inl.h
164 silly gunzTarPerm modified mode [ 'nan_callbacks_12_inl.h', 436, 420 ]
165 silly gunzTarPerm extractEntry nan_callbacks_pre_12_inl.h
166 silly gunzTarPerm modified mode [ 'nan_callbacks_pre_12_inl.h', 436, 420 ]
167 silly gunzTarPerm extractEntry nan_converters_43_inl.h
168 silly gunzTarPerm modified mode [ 'nan_converters_43_inl.h', 436, 420 ]
169 silly gunzTarPerm extractEntry nan_converters_pre_43_inl.h
170 silly gunzTarPerm modified mode [ 'nan_converters_pre_43_inl.h', 436, 420 ]
171 silly gunzTarPerm extractEntry nan_implementation_12_inl.h
172 silly gunzTarPerm modified mode [ 'nan_implementation_12_inl.h', 436, 420 ]
173 silly gunzTarPerm extractEntry nan_implementation_pre_12_inl.h
174 silly gunzTarPerm modified mode [ 'nan_implementation_pre_12_inl.h', 436, 420 ]
175 silly gunzTarPerm extractEntry nan_maybe_43_inl.h
176 silly gunzTarPerm modified mode [ 'nan_maybe_43_inl.h', 436, 420 ]
177 silly gunzTarPerm extractEntry nan_maybe_pre_43_inl.h
178 silly gunzTarPerm modified mode [ 'nan_maybe_pre_43_inl.h', 436, 420 ]
179 silly gunzTarPerm extractEntry nan_new.h
180 silly gunzTarPerm modified mode [ 'nan_new.h', 436, 420 ]
181 silly gunzTarPerm extractEntry nan_object_wrap.h
182 silly gunzTarPerm modified mode [ 'nan_object_wrap.h', 436, 420 ]
183 silly gunzTarPerm extractEntry nan_persistent_12_inl.h
184 silly gunzTarPerm modified mode [ 'nan_persistent_12_inl.h', 436, 420 ]
185 silly gunzTarPerm extractEntry nan_persistent_pre_12_inl.h
186 silly gunzTarPerm modified mode [ 'nan_persistent_pre_12_inl.h', 436, 420 ]
187 silly gunzTarPerm extractEntry nan_string_bytes.h
188 silly gunzTarPerm modified mode [ 'nan_string_bytes.h', 436, 420 ]
189 silly gunzTarPerm extractEntry nan_typedarray_contents.h
190 silly gunzTarPerm modified mode [ 'nan_typedarray_contents.h', 436, 420 ]
191 silly gunzTarPerm extractEntry nan_weak.h
192 silly gunzTarPerm modified mode [ 'nan_weak.h', 436, 420 ]
193 silly gunzTarPerm extractEntry CHANGELOG.md
194 silly gunzTarPerm modified mode [ 'CHANGELOG.md', 436, 420 ]
195 silly gunzTarPerm extractEntry tools/package.json
196 silly gunzTarPerm modified mode [ 'tools/package.json', 436, 420 ]
197 silly gunzTarPerm extractEntry tools/README.md
198 silly gunzTarPerm modified mode [ 'tools/README.md', 436, 420 ]
199 silly gunzTarPerm extractEntry tools/1to2.js
200 silly gunzTarPerm modified mode [ 'tools/1to2.js', 509, 493 ]
201 info preinstall nan@2.1.0
202 silly install resolved []
203 verbose about to build /Users/x/refine_tor_ios_server/node_modules/sleep/node_modules/nan
204 info build /Users/x/refine_tor_ios_server/node_modules/sleep/node_modules/nan
205 verbose linkStuff [ false,
205 verbose linkStuff   false,
205 verbose linkStuff   false,
205 verbose linkStuff   '/Users/x/refine_tor_ios_server/node_modules/sleep/node_modules' ]
206 info linkStuff nan@2.1.0
207 verbose linkBins nan@2.1.0
208 verbose linkMans nan@2.1.0
209 verbose rebuildBundles nan@2.1.0
210 info install nan@2.1.0
211 info postinstall nan@2.1.0
212 verbose unlock done using /Users/x/.npm/_locks/nan-069224ef115f9d72.lock for /Users/x/refine_tor_ios_server/node_modules/sleep/node_modules/nan
213 verbose about to build /Users/x/refine_tor_ios_server/node_modules/sleep
214 info build /Users/x/refine_tor_ios_server/node_modules/sleep
215 verbose linkStuff [ false,
215 verbose linkStuff   false,
215 verbose linkStuff   false,
215 verbose linkStuff   '/Users/x/refine_tor_ios_server/node_modules' ]
216 info linkStuff sleep@3.0.0
217 verbose linkBins sleep@3.0.0
218 verbose linkMans sleep@3.0.0
219 verbose rebuildBundles sleep@3.0.0
220 verbose rebuildBundles [ 'nan' ]
221 info install sleep@3.0.0
222 verbose unsafe-perm in lifecycle true
223 info sleep@3.0.0 Failed to exec install script
224 verbose unlock done using /Users/x/.npm/_locks/sleep-6eae408c7829d9bc.lock for /Users/x/refine_tor_ios_server/node_modules/sleep
225 verbose stack Error: sleep@3.0.0 install: `node-gyp rebuild`
225 verbose stack Exit status 1
225 verbose stack     at EventEmitter.<anonymous> (/usr/local/lib/node_modules/npm/lib/utils/lifecycle.js:213:16)
225 verbose stack     at EventEmitter.emit (events.js:110:17)
225 verbose stack     at ChildProcess.<anonymous> (/usr/local/lib/node_modules/npm/lib/utils/spawn.js:14:12)
225 verbose stack     at ChildProcess.emit (events.js:110:17)
225 verbose stack     at maybeClose (child_process.js:1015:16)
225 verbose stack     at Process.ChildProcess._handle.onexit (child_process.js:1087:5)
226 verbose pkgid sleep@3.0.0
227 verbose cwd /Users/x/refine_tor_ios_server
228 error Darwin 14.5.0
229 error argv "node" "/usr/local/bin/npm" "install" "sleep"
230 error node v0.12.2
231 error npm  v2.7.4
232 error code ELIFECYCLE
233 error sleep@3.0.0 install: `node-gyp rebuild`
233 error Exit status 1
234 error Failed at the sleep@3.0.0 install script 'node-gyp rebuild'.
234 error This is most likely a problem with the sleep package,
234 error not with npm itself.
234 error Tell the author that this fails on your system:
234 error     node-gyp rebuild
234 error You can get their info via:
234 error     npm owner ls sleep
234 error There is likely additional logging output above.
235 verbose exit [ 1, true ]
236 verbose unbuild node_modules/sleep
237 info preuninstall sleep@3.0.0
238 info uninstall sleep@3.0.0
239 verbose unbuild rmStuff sleep@3.0.0 from /Users/x/refine_tor_ios_server/node_modules
240 info postuninstall sleep@3.0.0
241 silly gentlyRm /Users/x/refine_tor_ios_server/node_modules/sleep is being purged from base /Users/x/refine_tor_ios_server
242 verbose gentlyRm don't care about contents; nuking /Users/x/refine_tor_ios_server/node_modules/sleep
243 silly vacuum-fs purging /Users/x/refine_tor_ios_server/node_modules/sleep
244 silly vacuum-fs quitting because other entries in /Users/x/refine_tor_ios_server/node_modules
